La génération a démarré 20/09/2016 14:57:15.
     1>Projet "D:\L3\CPOOA\annuaire\annuaire\annuaire.vcxproj" sur le nœud 2 (Build cible(s)).
     1>ClCompile:
         C:\Program Files (x86)\Microsoft Visual Studio 12.0\VC\bin\CL.exe /c /ZI /nologo /W3 /WX- /sdl /Od /Oy- /D WIN32 /D _DEBUG /D _CONSOLE /D _LIB /D _UNICODE /D UNICODE /Gm /EHsc /RTC1 /MDd /GS /fp:precise /Zc:wchar_t /Zc:forScope /Fo"Debug\\" /Fd"Debug\vc120.pdb" /Gd /TP /analyze- /errorReport:prompt Annuaire.cpp Contact.cpp ExTP1.cpp Telephone.cpp main.cpp
         main.cpp
         Telephone.cpp
         ExTP1.cpp
         Contact.cpp
         Annuaire.cpp
         Génération de code en cours...
       Link:
         C:\Program Files (x86)\Microsoft Visual Studio 12.0\VC\bin\link.exe /ERRORREPORT:PROMPT /OUT:"D:\L3\CPOOA\annuaire\Debug\annuaire.exe" /INCREMENTAL /NOLOGO kernel32.lib user32.lib gdi32.lib winspool.lib comdlg32.lib advapi32.lib shell32.lib ole32.lib oleaut32.lib uuid.lib odbc32.lib odbccp32.lib /MANIFEST /MANIFESTUAC:"level='asInvoker' uiAccess='false'" /manifest:embed /DEBUG /PDB:"D:\L3\CPOOA\annuaire\Debug\annuaire.pdb" /SUBSYSTEM:CONSOLE /TLBID:1 /DYNAMICBASE /NXCOMPAT /IMPLIB:"D:\L3\CPOOA\annuaire\Debug\annuaire.lib" /MACHINE:X86 Debug\Annuaire.obj
         Debug\Contact.obj
         Debug\ExTP1.obj
         Debug\main.obj
         Debug\Telephone.obj
         annuaire.vcxproj -> D:\L3\CPOOA\annuaire\Debug\annuaire.exe
     1>Génération du projet "D:\L3\CPOOA\annuaire\annuaire\annuaire.vcxproj" terminée (Build cible(s)).

La génération a réussi.

Temps écoulé 00:00:09.26
